<?xml version="1.0" encoding="UTF-8"?>
<!-- Generated by org.testng.reporters.JUnitXMLReporter -->
<testsuite ignored="0" hostname="LAPTOP-MJQEULQN" failures="0" tests="3" name="Default test" time="18.53" errors="0" timestamp="2021-11-24T11:05:16 GMT+08:00">
  <testcase classname="test.supeixian.demo.testSend" name="test1" time="9.174"/>
  <testcase classname="test.supeixian.demo.testSend" name="test2" time="4.173"/>
  <testcase classname="test.supeixian.demo.testSend" name="test3" time="5.159"/>
</testsuite> <!-- Default test -->
