<?xml version="1.0" encoding="UTF-8"?>
<!-- Generated by org.testng.reporters.JUnitXMLReporter -->
<testsuite ignored="0" hostname="LAPTOP-MJQEULQN" failures="0" tests="7" name="Default test" time="182.554" errors="0" timestamp="2021-11-24T10:11:33 GMT+08:00">
  <testcase classname="test.supeixian.demo.testSend" name="test1" time="25.174"/>
  <testcase classname="test.supeixian.demo.testSend" name="test2" time="28.172"/>
  <testcase classname="test.supeixian.demo.testSend" name="test3" time="25.16"/>
  <testcase classname="test.supeixian.demo.testSend" name="test4" time="25.102"/>
  <testcase classname="test.supeixian.demo.testSend" name="test5" time="31.942"/>
  <testcase classname="test.supeixian.demo.testSend" name="test6" time="21.979"/>
  <testcase classname="test.supeixian.demo.testSend" name="test7" time="24.997"/>
</testsuite> <!-- Default test -->
