<?xml version="1.0" encoding="UTF-8"?>
<testng-results ignored="0" total="7" passed="7" failed="0" skipped="0">
  <reporter-output>
  </reporter-output>
  <suite started-at="2021-11-23T21:08:29 GMT+08:00" name="s1" finished-at="2021-11-23T21:08:29 GMT+08:00" duration-ms="32">
    <groups>
    </groups>
    <test started-at="2021-11-23T21:08:29 GMT+08:00" name="test1" finished-at="2021-11-23T21:08:29 GMT+08:00" duration-ms="32">
      <class name="test.supeixian.demo.testSend">
        <test-method signature="test1()[pri:0, instance:test.supeixian.demo.testSend@52bf72b5]" started-at="2021-11-23T21:08:29 GMT+08:00" name="test1" finished-at="2021-11-23T21:08:29 GMT+08:00" duration-ms="16" status="PASS">
          <reporter-output>
          </reporter-output>
        </test-method> <!-- test1 -->
        <test-method signature="test7()[pri:0, instance:test.supeixian.demo.testSend@52bf72b5]" started-at="2021-11-23T21:08:29 GMT+08:00" name="test7" finished-at="2021-11-23T21:08:29 GMT+08:00" duration-ms="0" status="PASS">
          <reporter-output>
          </reporter-output>
        </test-method> <!-- test7 -->
        <test-method signature="test2()[pri:0, instance:test.supeixian.demo.testSend@52bf72b5]" started-at="2021-11-23T21:08:29 GMT+08:00" name="test2" finished-at="2021-11-23T21:08:29 GMT+08:00" duration-ms="0" status="PASS">
          <reporter-output>
          </reporter-output>
        </test-method> <!-- test2 -->
        <test-method signature="test4()[pri:0, instance:test.supeixian.demo.testSend@52bf72b5]" started-at="2021-11-23T21:08:29 GMT+08:00" name="test4" finished-at="2021-11-23T21:08:29 GMT+08:00" duration-ms="0" status="PASS">
          <reporter-output>
          </reporter-output>
        </test-method> <!-- test4 -->
        <test-method signature="test3()[pri:0, instance:test.supeixian.demo.testSend@52bf72b5]" started-at="2021-11-23T21:08:29 GMT+08:00" name="test3" finished-at="2021-11-23T21:08:29 GMT+08:00" duration-ms="0" status="PASS">
          <reporter-output>
          </reporter-output>
        </test-method> <!-- test3 -->
        <test-method signature="test6()[pri:0, instance:test.supeixian.demo.testSend@52bf72b5]" started-at="2021-11-23T21:08:29 GMT+08:00" name="test6" finished-at="2021-11-23T21:08:29 GMT+08:00" duration-ms="0" status="PASS">
          <reporter-output>
          </reporter-output>
        </test-method> <!-- test6 -->
        <test-method signature="test5()[pri:0, instance:test.supeixian.demo.testSend@52bf72b5]" started-at="2021-11-23T21:08:29 GMT+08:00" name="test5" finished-at="2021-11-23T21:08:29 GMT+08:00" duration-ms="0" status="PASS">
          <reporter-output>
          </reporter-output>
        </test-method> <!-- test5 -->
      </class> <!-- test.supeixian.demo.testSend -->
    </test> <!-- test1 -->
  </suite> <!-- s1 -->
</testng-results>
