<?xml version="1.0" encoding="UTF-8"?>
<testng-results ignored="0" total="10" passed="10" failed="0" skipped="0">
  <reporter-output>
  </reporter-output>
  <suite started-at="2021-11-24T08:37:05 GMT+08:00" name="Default suite" finished-at="2021-11-24T08:37:05 GMT+08:00" duration-ms="46">
    <groups>
    </groups>
    <test started-at="2021-11-24T08:37:05 GMT+08:00" name="Default test" finished-at="2021-11-24T08:37:05 GMT+08:00" duration-ms="46">
      <class name="test.supeixian.demo.testSend">
        <test-method signature="test1()[pri:0, instance:test.supeixian.demo.testSend@c03cf28]" started-at="2021-11-24T08:37:05 GMT+08:00" name="test1" finished-at="2021-11-24T08:37:05 GMT+08:00" duration-ms="5" status="PASS">
          <reporter-output>
          </reporter-output>
        </test-method> <!-- test1 -->
        <test-method signature="test10()[pri:0, instance:test.supeixian.demo.testSend@c03cf28]" started-at="2021-11-24T08:37:05 GMT+08:00" name="test10" finished-at="2021-11-24T08:37:05 GMT+08:00" duration-ms="1" status="PASS">
          <reporter-output>
          </reporter-output>
        </test-method> <!-- test10 -->
        <test-method signature="test2()[pri:0, instance:test.supeixian.demo.testSend@c03cf28]" started-at="2021-11-24T08:37:05 GMT+08:00" name="test2" finished-at="2021-11-24T08:37:05 GMT+08:00" duration-ms="1" status="PASS">
          <reporter-output>
          </reporter-output>
        </test-method> <!-- test2 -->
        <test-method signature="test3()[pri:0, instance:test.supeixian.demo.testSend@c03cf28]" started-at="2021-11-24T08:37:05 GMT+08:00" name="test3" finished-at="2021-11-24T08:37:05 GMT+08:00" duration-ms="1" status="PASS">
          <reporter-output>
          </reporter-output>
        </test-method> <!-- test3 -->
        <test-method signature="test4()[pri:0, instance:test.supeixian.demo.testSend@c03cf28]" started-at="2021-11-24T08:37:05 GMT+08:00" name="test4" finished-at="2021-11-24T08:37:05 GMT+08:00" duration-ms="1" status="PASS">
          <reporter-output>
          </reporter-output>
        </test-method> <!-- test4 -->
        <test-method signature="test5()[pri:0, instance:test.supeixian.demo.testSend@c03cf28]" started-at="2021-11-24T08:37:05 GMT+08:00" name="test5" finished-at="2021-11-24T08:37:05 GMT+08:00" duration-ms="1" status="PASS">
          <reporter-output>
          </reporter-output>
        </test-method> <!-- test5 -->
        <test-method signature="test6()[pri:0, instance:test.supeixian.demo.testSend@c03cf28]" started-at="2021-11-24T08:37:05 GMT+08:00" name="test6" finished-at="2021-11-24T08:37:05 GMT+08:00" duration-ms="4" status="PASS">
          <reporter-output>
          </reporter-output>
        </test-method> <!-- test6 -->
        <test-method signature="test7()[pri:0, instance:test.supeixian.demo.testSend@c03cf28]" started-at="2021-11-24T08:37:05 GMT+08:00" name="test7" finished-at="2021-11-24T08:37:05 GMT+08:00" duration-ms="1" status="PASS">
          <reporter-output>
          </reporter-output>
        </test-method> <!-- test7 -->
        <test-method signature="test8()[pri:0, instance:test.supeixian.demo.testSend@c03cf28]" started-at="2021-11-24T08:37:05 GMT+08:00" name="test8" finished-at="2021-11-24T08:37:05 GMT+08:00" duration-ms="1" status="PASS">
          <reporter-output>
          </reporter-output>
        </test-method> <!-- test8 -->
        <test-method signature="test9()[pri:0, instance:test.supeixian.demo.testSend@c03cf28]" started-at="2021-11-24T08:37:05 GMT+08:00" name="test9" finished-at="2021-11-24T08:37:05 GMT+08:00" duration-ms="0" status="PASS">
          <reporter-output>
          </reporter-output>
        </test-method> <!-- test9 -->
      </class> <!-- test.supeixian.demo.testSend -->
    </test> <!-- Default test -->
  </suite> <!-- Default suite -->
</testng-results>
