<?xml version="1.0" encoding="UTF-8"?>
<testng-results ignored="0" total="3" passed="3" failed="0" skipped="0">
  <reporter-output>
  </reporter-output>
  <suite started-at="2021-11-24T11:04:58 GMT+08:00" name="Default suite" finished-at="2021-11-24T11:05:16 GMT+08:00" duration-ms="18530">
    <groups>
    </groups>
    <test started-at="2021-11-24T11:04:58 GMT+08:00" name="Default test" finished-at="2021-11-24T11:05:16 GMT+08:00" duration-ms="18530">
      <class name="test.supeixian.demo.testSend">
        <test-method signature="test1()[pri:0, instance:test.supeixian.demo.testSend@7e9131d5]" started-at="2021-11-24T11:04:58 GMT+08:00" name="test1" finished-at="2021-11-24T11:05:07 GMT+08:00" duration-ms="9174" status="PASS">
          <reporter-output>
          </reporter-output>
        </test-method> <!-- test1 -->
        <test-method signature="test2()[pri:1, instance:test.supeixian.demo.testSend@7e9131d5]" started-at="2021-11-24T11:05:07 GMT+08:00" name="test2" finished-at="2021-11-24T11:05:11 GMT+08:00" duration-ms="4173" status="PASS">
          <reporter-output>
          </reporter-output>
        </test-method> <!-- test2 -->
        <test-method signature="test3()[pri:2, instance:test.supeixian.demo.testSend@7e9131d5]" started-at="2021-11-24T11:05:11 GMT+08:00" name="test3" finished-at="2021-11-24T11:05:16 GMT+08:00" duration-ms="5159" status="PASS">
          <reporter-output>
          </reporter-output>
        </test-method> <!-- test3 -->
      </class> <!-- test.supeixian.demo.testSend -->
    </test> <!-- Default test -->
  </suite> <!-- Default suite -->
</testng-results>
